<?xml version="1.0" encoding="UTF-8"?>
<testsuite name="TestSuite" time="153.034" tests="4" errors="0" skipped="0" failures="1">
  <properties>
    <property name="java.runtime.name" value="Java(TM) SE Runtime Environment"/>
    <property name="sun.boot.library.path" value="C:\Program Files\Java\jdk1.8.0_221\jre\bin"/>
    <property name="java.vm.version" value="25.221-b11"/>
    <property name="java.vm.vendor" value="Oracle Corporation"/>
    <property name="maven.multiModuleProjectDirectory" value="D:\testdatasss\androidscript\ABC-PART-2"/>
    <property name="java.vendor.url" value="http://java.oracle.com/"/>
    <property name="path.separator" value=";"/>
    <property name="guice.disable.misplaced.annotation.check" value="true"/>
    <property name="java.vm.name" value="Java HotSpot(TM) 64-Bit Server VM"/>
    <property name="file.encoding.pkg" value="sun.io"/>
    <property name="user.script" value=""/>
    <property name="user.country" value="IN"/>
    <property name="sun.java.launcher" value="SUN_STANDARD"/>
    <property name="sun.os.patch.level" value=""/>
    <property name="java.vm.specification.name" value="Java Virtual Machine Specification"/>
    <property name="user.dir" value="D:\testdatasss\androidscript\ABC-PART-2"/>
    <property name="java.runtime.version" value="1.8.0_221-b11"/>
    <property name="java.awt.graphicsenv" value="sun.awt.Win32GraphicsEnvironment"/>
    <property name="java.endorsed.dirs" value="C:\Program Files\Java\jdk1.8.0_221\jre\lib\endorsed"/>
    <property name="os.arch" value="amd64"/>
    <property name="java.io.tmpdir" value="C:\Users\rachel\AppData\Local\Temp\"/>
    <property name="line.separator" value="&#10;"/>
    <property name="java.vm.specification.vendor" value="Oracle Corporation"/>
    <property name="user.variant" value=""/>
    <property name="os.name" value="Windows 10"/>
    <property name="classworlds.conf" value="D:\apache-maven\apache-maven-3.6.3\bin\..\bin\m2.conf"/>
    <property name="sun.jnu.encoding" value="Cp1252"/>
    <property name="java.library.path" value="C:\Program Files\Java\jdk1.8.0_221\bin;C:\WINDOWS\Sun\Java\bin;C:\WINDOWS\system32;C:\WINDOWS;C:\ProgramData\DockerDesktop\version-bin;C:\Program Files\Docker\Docker\Resources\bin;C:\Program Files (x86)\Common Files\Oracle\Java\javapath;C:\ProgramData\Oracle\Java\javapath;C:\Program Files\Microsoft MPI\Bin\;C:\Program Files (x86)\Intel\iCLS Client\;C:\Program Files\Intel\iCLS Client\;C:\WINDOWS\system32;C:\WINDOWS;C:\WINDOWS\System32\Wbem;C:\WINDOWS\System32\WindowsPowerShell\v1.0\;C:\Program Files (x86)\Intel\Intel(R) Management Engine Components\DAL;C:\Program Files\Intel\Intel(R) Management Engine Components\DAL;C:\Program Files (x86)\Intel\Intel(R) Management Engine Components\IPT;C:\Program Files\Intel\Intel(R) Management Engine Components\IPT;C:\Program Files\Microsoft\Web Platform Installer\;C:\Program Files\Microsoft SQL Server\120\Tools\Binn\;C:\Program Files\Microsoft SQL Server\130\Tools\Binn\;C:\Program Files\Microsoft DNX\Dnvm\;C:\Program Files (x86)\Windows Kits\10\Windows Performance Toolkit\;C:\Program Files\dotnet\;C:\Program Files\Microsoft SQL Server\Client SDK\ODBC\130\Tools\Binn\;C:\Program Files (x86)\Microsoft SQL Server\130\Tools\Binn\;C:\Program Files\Microsoft SQL Server\130\DTS\Binn\;C:\Program Files (x86)\Microsoft SQL Server\130\DTS\Binn\;C:\Program Files (x86)\Brackets\command;C:\Program Files (x86)\Microsoft SQL Server\Client SDK\ODBC\130\Tools\Binn\;C:\Program Files (x86)\Microsoft SQL Server\140\Tools\Binn\;C:\Program Files (x86)\Microsoft SQL Server\140\DTS\Binn\;C:\Program Files (x86)\Microsoft SQL Server\140\Tools\Binn\ManagementStudio\;C:\Program Files\SourceGear\Common\DiffMerge\;C:\Program Files\nodejs\;F:\Git\cmd;D:\flutter\bin;C:\Program Files\Java\jdk1.8.0_221\bin;C:\Users\rachel\AppData\Local\Android\Sdk\platform-tools;C:\WINDOWS\System32\OpenSSH\;D:\apache-maven\apache-maven-3.6.3\bin;C:\Users\rachel\AppData\Roaming\npm;C:\Users\rachel\AppData\Roaming\npm\node_modules\@angular\cli\bin;D:\flutter\bin;C:\Program Files\Java\jdk1.8.0_221\bin;C:\Users\rachel\AppData\Local\Android\Sdk\platform-tools;%USERPROFILE%\AppData\Local\Microsoft\WindowsApps;;."/>
    <property name="maven.conf" value="D:\apache-maven\apache-maven-3.6.3\bin\../conf"/>
    <property name="java.specification.name" value="Java Platform API Specification"/>
    <property name="java.class.version" value="52.0"/>
    <property name="sun.management.compiler" value="HotSpot 64-Bit Tiered Compilers"/>
    <property name="os.version" value="10.0"/>
    <property name="library.jansi.path" value="D:\apache-maven\apache-maven-3.6.3\bin\..\lib\jansi-native"/>
    <property name="user.home" value="C:\Users\rachel"/>
    <property name="user.timezone" value="Asia/Calcutta"/>
    <property name="java.awt.printerjob" value="sun.awt.windows.WPrinterJob"/>
    <property name="java.specification.version" value="1.8"/>
    <property name="file.encoding" value="Cp1252"/>
    <property name="user.name" value="rachel"/>
    <property name="java.class.path" value="D:\apache-maven\apache-maven-3.6.3\bin\..\boot\plexus-classworlds-2.6.0.jar"/>
    <property name="java.vm.specification.version" value="1.8"/>
    <property name="sun.arch.data.model" value="64"/>
    <property name="java.home" value="C:\Program Files\Java\jdk1.8.0_221\jre"/>
    <property name="sun.java.command" value="org.codehaus.plexus.classworlds.launcher.Launcher clean install"/>
    <property name="java.specification.vendor" value="Oracle Corporation"/>
    <property name="user.language" value="en"/>
    <property name="awt.toolkit" value="sun.awt.windows.WToolkit"/>
    <property name="java.vm.info" value="mixed mode"/>
    <property name="java.version" value="1.8.0_221"/>
    <property name="java.ext.dirs" value="C:\Program Files\Java\jdk1.8.0_221\jre\lib\ext;C:\WINDOWS\Sun\Java\lib\ext"/>
    <property name="sun.boot.class.path" value="C:\Program Files\Java\jdk1.8.0_221\jre\lib\resources.jar;C:\Program Files\Java\jdk1.8.0_221\jre\lib\rt.jar;C:\Program Files\Java\jdk1.8.0_221\jre\lib\sunrsasign.jar;C:\Program Files\Java\jdk1.8.0_221\jre\lib\jsse.jar;C:\Program Files\Java\jdk1.8.0_221\jre\lib\jce.jar;C:\Program Files\Java\jdk1.8.0_221\jre\lib\charsets.jar;C:\Program Files\Java\jdk1.8.0_221\jre\lib\jfr.jar;C:\Program Files\Java\jdk1.8.0_221\jre\classes"/>
    <property name="sun.stderr.encoding" value="cp437"/>
    <property name="java.vendor" value="Oracle Corporation"/>
    <property name="maven.home" value="D:\apache-maven\apache-maven-3.6.3\bin\.."/>
    <property name="file.separator" value="\"/>
    <property name="java.vendor.url.bug" value="http://bugreport.sun.com/bugreport/"/>
    <property name="sun.cpu.endian" value="little"/>
    <property name="sun.io.unicode.encoding" value="UnicodeLittle"/>
    <property name="sun.stdout.encoding" value="cp437"/>
    <property name="sun.desktop" value="windows"/>
    <property name="sun.cpu.isalist" value="amd64"/>
  </properties>
  <testcase name="Login" classname="mainclass" time="17.007"/>
  <testcase name="CreateSheet" classname="mainclass" time="2.688"/>
  <testcase name="International_Transfer3" classname="mainclass" time="128.058">
    <failure message="An element could not be located on the page using the given search parameters.&#10;For documentation on this error, please visit: https://www.seleniumhq.org/exceptions/no_such_element.html&#10;Build info: version: &apos;3.141.59&apos;, revision: &apos;e82be7d358&apos;, time: &apos;2018-11-14T08:17:03&apos;&#10;System info: host: &apos;DESKTOP-2G08521&apos;, ip: &apos;172.17.4.209&apos;, os.name: &apos;Windows 10&apos;, os.arch: &apos;amd64&apos;, os.version: &apos;10.0&apos;, java.version: &apos;1.8.0_221&apos;&#10;Driver info: io.appium.java_client.android.AndroidDriver&#10;Capabilities {appActivity: com.backbase.model.view.act..., appPackage: com.backbase.retail.neoUATMob, automationName: UiAutomator2, databaseEnabled: false, desired: {appActivity: com.backbase.model.view.act..., appPackage: com.backbase.retail.neoUATMob, automationName: UiAutomator2, deviceName: SM S7, noReset: true, platformName: android, udid: ce0117110d33510204}, deviceApiLevel: 26, deviceManufacturer: samsung, deviceModel: SM-G935F, deviceName: ce0117110d33510204, deviceScreenDensity: 560, deviceScreenSize: 1440x2560, deviceUDID: ce0117110d33510204, javascriptEnabled: true, locationContextEnabled: false, networkConnectionEnabled: true, noReset: true, pixelRatio: 3.5, platform: LINUX, platformName: Android, platformVersion: 8.0.0, statBarHeight: 84, takesScreenshot: true, udid: ce0117110d33510204, viewportRect: {height: 2476, left: 0, top: 84, width: 1440}, warnings: {}, webStorageEnabled: false}&#10;Session ID: a9d62c0f-7734-474f-89db-cfd7853ba52e&#10;*** Element info: {Using=id, value=com.backbase.retail.neoUATMob:id/displayFilterName}" type="org.openqa.selenium.NoSuchElementException">org.openqa.selenium.NoSuchElementException: An element could not be located on the page using the given search parameters.
For documentation on this error, please visit: https://www.seleniumhq.org/exceptions/no_such_element.html
Build info: version: '3.141.59', revision: 'e82be7d358', time: '2018-11-14T08:17:03'
System info: host: 'DESKTOP-2G08521', ip: '172.17.4.209', os.name: 'Windows 10', os.arch: 'amd64', os.version: '10.0', java.version: '1.8.0_221'
Driver info: io.appium.java_client.android.AndroidDriver
Capabilities {appActivity: com.backbase.model.view.act..., appPackage: com.backbase.retail.neoUATMob, automationName: UiAutomator2, databaseEnabled: false, desired: {appActivity: com.backbase.model.view.act..., appPackage: com.backbase.retail.neoUATMob, automationName: UiAutomator2, deviceName: SM S7, noReset: true, platformName: android, udid: ce0117110d33510204}, deviceApiLevel: 26, deviceManufacturer: samsung, deviceModel: SM-G935F, deviceName: ce0117110d33510204, deviceScreenDensity: 560, deviceScreenSize: 1440x2560, deviceUDID: ce0117110d33510204, javascriptEnabled: true, locationContextEnabled: false, networkConnectionEnabled: true, noReset: true, pixelRatio: 3.5, platform: LINUX, platformName: Android, platformVersion: 8.0.0, statBarHeight: 84, takesScreenshot: true, udid: ce0117110d33510204, viewportRect: {height: 2476, left: 0, top: 84, width: 1440}, warnings: {}, webStorageEnabled: false}
Session ID: a9d62c0f-7734-474f-89db-cfd7853ba52e
*** Element info: {Using=id, value=com.backbase.retail.neoUATMob:id/displayFilterName}
	at sun.reflect.GeneratedConstructorAccessor17.newInstance(Unknown Source)
	at sun.reflect.DelegatingConstructorAccessorImpl.newInstance(DelegatingConstructorAccessorImpl.java:45)
	at java.lang.reflect.Constructor.newInstance(Constructor.java:423)
	at org.openqa.selenium.remote.http.W3CHttpResponseCodec.createException(W3CHttpResponseCodec.java:187)
	at org.openqa.selenium.remote.http.W3CHttpResponseCodec.decode(W3CHttpResponseCodec.java:122)
	at org.openqa.selenium.remote.http.W3CHttpResponseCodec.decode(W3CHttpResponseCodec.java:49)
	at org.openqa.selenium.remote.HttpCommandExecutor.execute(HttpCommandExecutor.java:158)
	at io.appium.java_client.remote.AppiumCommandExecutor.execute(AppiumCommandExecutor.java:239)
	at org.openqa.selenium.remote.RemoteWebDriver.execute(RemoteWebDriver.java:552)
	at io.appium.java_client.DefaultGenericMobileDriver.execute(DefaultGenericMobileDriver.java:41)
	at io.appium.java_client.AppiumDriver.execute(AppiumDriver.java:1)
	at io.appium.java_client.android.AndroidDriver.execute(AndroidDriver.java:1)
	at org.openqa.selenium.remote.RemoteWebDriver.findElement(RemoteWebDriver.java:323)
	at io.appium.java_client.DefaultGenericMobileDriver.findElement(DefaultGenericMobileDriver.java:61)
	at io.appium.java_client.AppiumDriver.findElement(AppiumDriver.java:1)
	at io.appium.java_client.android.AndroidDriver.findElement(AndroidDriver.java:1)
	at org.openqa.selenium.remote.RemoteWebDriver.findElementById(RemoteWebDriver.java:372)
	at io.appium.java_client.DefaultGenericMobileDriver.findElementById(DefaultGenericMobileDriver.java:69)
	at io.appium.java_client.AppiumDriver.findElementById(AppiumDriver.java:1)
	at io.appium.java_client.android.AndroidDriver.findElementById(AndroidDriver.java:1)
	at TransactionPage.clickAllpayments(TransactionPage.java:19)
	at Methods.International_Transfer(Methods.java:103)
	at mainclass.International_Transfer3(mainclass.java:79)
</failure>
    <system-out><![CDATA[2020-05-29 23:32:49 INFO  rootLogger : 
Account Balance: BHD 70,511.544

2020-05-29 23:33:15 INFO  rootLogger : Equivalent Amount :4.226
2020-05-29 23:33:15 INFO  rootLogger : Debited Amount :BHD 10.374
2020-05-29 23:33:15 INFO  rootLogger : Exchange Rate : EUR 1 = BHD 0.422572
2020-05-29 23:33:16 INFO  rootLogger : Transfer amount: BHD 4.226
2020-05-29 23:33:22 INFO  rootLogger : Remittance fees : BHD 0.000
2020-05-29 23:33:22 INFO  rootLogger : correspondent charges : BHD 6.148
2020-05-29 23:33:22 INFO  rootLogger : VAT : BHD 0.000
Your excel Beneficiary DATA has been written!
*********************BENEFICIARY SCREEN DETAILS ARE CAPTURED************************
2020-05-29 23:34:07 INFO  rootLogger : Review payment validation started : 
Assertion Passed in Test 
Assertion Passed in Test 
Assertion Passed in Test 
Assertion Passed in Test 
Assertion Passed in Test 
Assertion Passed in Test 
Assertion Passed in Test 
Assertion Passed in Test 
Assertion Passed in Test 
Assertion Passed in Test 
2020-05-29 23:34:22 INFO  rootLogger : Payment Status : Payment Submitted
2020-05-29 23:34:22 INFO  rootLogger : Final screen  validation started : 
Assertion Passed in Test 
Assertion Passed in Test 
Assertion Passed in Test 
Assertion Passed in Test 
2020-05-29 23:34:23 INFO  rootLogger : Reference Number 810125370000
Assertion Passed in Test 
Assertion Passed in Test 
Assertion Passed in Test 
Assertion Passed in Test 
Assertion Passed in Test 
Assertion Passed in Test 
Your excel DATA has been written!
Assertion Passed in Test 
Your excel DATA has been written!
]]></system-out>
  </testcase>
  <testcase name="logout" classname="mainclass" time="5.281"/>
</testsuite>